*** Using Compiler 'V5.06 update 6 (build 750)', folder: 'D:\Keil_v5\ARM\ARMCC\Bin'
Rebuild target 'demo'
assembling startup_stm32h750xx.s...
compiling stm32h7xx_hal_timebase_tim.c...
compiling stm32h7xx_hal_msp.c...
compiling dma.c...
compiling usart.c...
compiling system_stm32h7xx.c...
compiling bdma.c...
compiling stm32h7xx_hal_cortex.c...
compiling gpio.c...
compiling freertos.c...
compiling stm32h7xx_hal_rcc.c...
compiling main.c...
compiling stm32h7xx_it.c...
compiling stm32h7xx_hal_rcc_ex.c...
compiling stm32h7xx_hal_i2c_ex.c...
compiling stm32h7xx_hal_gpio.c...
compiling stm32h7xx_hal_flash.c...
compiling stm32h7xx_hal_pwr.c...
compiling stm32h7xx_hal_exti.c...
compiling stm32h7xx_hal_mdma.c...
compiling croutine.c...
compiling stm32h7xx_hal.c...
compiling event_groups.c...
compiling list.c...
compiling stm32h7xx_hal_flash_ex.c...
compiling stream_buffer.c...
compiling queue.c...
compiling timers.c...
compiling heap_4.c...
compiling tasks.c...
compiling port.c...
compiling stm32h7xx_hal_hsem.c...
compiling stm32h7xx_hal_dma_ex.c...
compiling stm32h7xx_hal_pwr_ex.c...
compiling stm32h7xx_hal_i2c.c...
compiling stm32h7xx_hal_dma.c...
compiling stm32h7xx_hal_uart_ex.c...
compiling stm32h7xx_hal_tim_ex.c...
compiling stm32h7xx_hal_uart.c...
compiling cmsis_os2.c...
compiling stm32h7xx_hal_tim.c...
linking...
Program Size: Code=27992 RO-data=884 RW-data=1080 ZI-data=20648  
FromELF: creating hex file...
"demo\demo.axf" - 0 Error(s), 0 Warning(s).
Build Time Elapsed:  00:00:19
